<?xml version="1.0" encoding="UTF-8"?>
<!-- Generated by org.testng.reporters.JUnitReportReporter -->
<testsuite skipped="0" hostname="Hatices-MacBook-Air-2.local" name="com.webelements.webElementsForm" tests="6" failures="0" timestamp="27 Jun 2018 15:47:35 GMT" time="15.722" errors="0">
  <testcase name="testInput" time="0.508" classname="com.webelements.webElementsForm"/>
  <testcase name="testDropdowns" time="2.260" classname="com.webelements.webElementsForm"/>
  <testcase name="testCheckbox" time="0.649" classname="com.webelements.webElementsForm"/>
  <testcase name="testRadiobox" time="0.392" classname="com.webelements.webElementsForm"/>
  <testcase name="buttons" time="0.515" classname="com.webelements.webElementsForm"/>
  <testcase name="Fill" time="11.398" classname="com.webelements.webElementsForm"/>
</testsuite> <!-- com.webelements.webElementsForm -->
